<?xml version="1.0" encoding="UTF-8"?>
<TestRun id="21ff7582-f8ea-464c-8254-e7c590e6d6ba" name="Michael@MICHAEL-PC 2012-06-13 12:05:45" runUser="Michael-PC\Michael" xmlns="http://microsoft.com/schemas/VisualStudio/TeamTest/2010">
  <TestSettings name="Local" id="4e9a2632-5993-459a-aed3-9b59aa18db47">
    <Description>These are default test settings for a local test run.</Description>
    <Deployment userDeploymentRoot="C:\Users\Michael\_CODE\ServiceStackNtier\TestResults" useDefaultDeploymentRoot="false" enabled="false" runDeploymentRoot="Michael_MICHAEL-PC 2012-06-13 12_05_45">
      <DeploymentItem filename="C:\Users\Michael\_CODE\ServiceStackNtier\TheEntities.Poco\bin\Debug\TheEntities.Poco.dll" />
      <DeploymentItem filename="C:\Users\Michael\_CODE\Ienablemuch.ToTheEfnhX\Ienablemuch.ToTheEfnhX.EntityFramework\bin\Release\Ienablemuch.ToTheEfnhX.EntityFramework.dll" />
      <DeploymentItem filename="C:\Users\Michael\_CODE\DitTO\Ienablemuch.DitTO.ToTheEfnhX.StubAssigner\bin\Release\Ienablemuch.DitTO.ToTheEfnhX.StubAssigner.dll" />
      <DeploymentItem filename="C:\Users\Michael\_CODE\ServiceStackNtier\packages\EntityFramework.4.3.1\lib\net40\EntityFramework.dll" />
      <DeploymentItem filename="C:\Users\Michael\_CODE\ServiceStackNtier\TheEntities.Dto\bin\Debug\TheEntities.Dto.dll" />
      <DeploymentItem filename="C:\Users\Michael\_CODE\ServiceStackNtier\TheServiceStack\bin\TheServiceStack.dll" />
      <DeploymentItem filename="C:\Users\Michael\_CODE\Ienablemuch.ToTheEfnhX\ToTheEfnhX\bin\Release\Ienablemuch.ToTheEfnhX.dll" />
      <DeploymentItem filename="C:\Users\Michael\_CODE\DitTO\Ienablemuch.DitTO.ToTheEfnhX.StubAssigner\bin\Release\Ienablemuch.DitTO.dll" />
    </Deployment>
    <Execution>
      <TestTypeSpecific />
      <AgentRule name="Execution Agents">
      </AgentRule>
    </Execution>
  </TestSettings>
  <Times creation="2012-06-13T12:05:45.6460000+08:00" queuing="2012-06-13T12:05:45.6980000+08:00" start="2012-06-13T12:05:45.7150000+08:00" finish="2012-06-13T12:05:46.0560000+08:00" />
  <ResultSummary outcome="Failed">
    <Counters total="1" executed="1" error="0" failed="1" timeout="0" aborted="0" inconclusive="0" passedButRunAborted="0" notRunnable="0" notExecuted="0" disconnected="0" warning="0" passed="0" completed="0" inProgress="0" pending="0" />
  </ResultSummary>
  <TestDefinitions>
    <UnitTest name="TestNullOnEF" storage="c:\users\michael\_code\servicestackntier\testtheservicestack\bin\debug\testentityframework.dll" id="9b92cebd-f006-eeaf-81a9-0b21d8d7196f">
      <Execution id="48e9f287-24a4-495a-82b0-35b4622385c9" />
      <TestMethod codeBase="C:/Users/Michael/_CODE/ServiceStackNtier/TestTheServiceStack/bin/Debug/TestEntityFramework.DLL" adapterTypeName="Microsoft.VisualStudio.TestTools.TestTypes.Unit.UnitTestAdapter, Microsoft.VisualStudio.QualityTools.Tips.UnitTest.Adapter, Version=10.0.0.0, Culture=neutral, PublicKeyToken=b03f5f7f11d50a3a" className="TestTheServiceStack.Tests, TestEntityFramework, Version=1.0.0.0, Culture=neutral, PublicKeyToken=null" name="TestNullOnEF" />
    </UnitTest>
  </TestDefinitions>
  <TestLists>
    <TestList name="Results Not in a List" id="8c84fa94-04c1-424b-9868-57a2d4851a1d" />
    <TestList name="All Loaded Results" id="19431567-8539-422a-85d7-44ee4e166bda" />
  </TestLists>
  <TestEntries>
    <TestEntry testId="9b92cebd-f006-eeaf-81a9-0b21d8d7196f" executionId="48e9f287-24a4-495a-82b0-35b4622385c9" testListId="8c84fa94-04c1-424b-9868-57a2d4851a1d" />
  </TestEntries>
  <Results>
    <UnitTestResult executionId="48e9f287-24a4-495a-82b0-35b4622385c9" testId="9b92cebd-f006-eeaf-81a9-0b21d8d7196f" testName="TestNullOnEF" computerName="MICHAEL-PC" duration="00:00:00.0403508" startTime="2012-06-13T12:05:45.7420000+08:00" endTime="2012-06-13T12:05:46.0320000+08:00" testType="13cdc9d9-ddb5-4fa4-a97d-d965ccfc6d4b" outcome="Failed" testListId="8c84fa94-04c1-424b-9868-57a2d4851a1d" relativeResultsDirectory="48e9f287-24a4-495a-82b0-35b4622385c9">
      <Output>
        <ErrorInfo>
          <Message>Assert.IsFalse failed. </Message>
          <StackTrace>   at TestTheServiceStack.Tests.TestNullOnEF() in C:\Users\Michael\_CODE\ServiceStackNtier\TestTheServiceStack\Tests.cs:line 26
</StackTrace>
        </ErrorInfo>
      </Output>
    </UnitTestResult>
  </Results>
</TestRun>