<?xml version="1.0" encoding="UTF-8"?>
<TestRun id="630ceb86-686e-4a6a-849a-e6be1cebab1b" name="Michael@MICHAEL-PC 2012-06-13 11:45:51" runUser="Michael-PC\Michael" xmlns="http://microsoft.com/schemas/VisualStudio/TeamTest/2010">
  <TestSettings name="Local" id="4e9a2632-5993-459a-aed3-9b59aa18db47">
    <Description>These are default test settings for a local test run.</Description>
    <Deployment userDeploymentRoot="C:\Users\Michael\_CODE\ServiceStackNtier\TestResults" useDefaultDeploymentRoot="false" enabled="false" runDeploymentRoot="Michael_MICHAEL-PC 2012-06-13 11_45_51">
      <DeploymentItem filename="C:\Users\Michael\_CODE\ServiceStackNtier\TheEntities.Poco\bin\Debug\TheEntities.Poco.dll" />
      <DeploymentItem filename="C:\Users\Michael\_CODE\Ienablemuch.ToTheEfnhX\Ienablemuch.ToTheEfnhX.EntityFramework\bin\Release\Ienablemuch.ToTheEfnhX.EntityFramework.dll" />
      <DeploymentItem filename="C:\Users\Michael\_CODE\DitTO\Ienablemuch.DitTO.ToTheEfnhX.StubAssigner\bin\Release\Ienablemuch.DitTO.ToTheEfnhX.StubAssigner.dll" />
      <DeploymentItem filename="C:\Users\Michael\_CODE\ServiceStackNtier\packages\EntityFramework.4.3.1\lib\net40\EntityFramework.dll" />
      <DeploymentItem filename="C:\Users\Michael\_CODE\ServiceStackNtier\TheEntities.Dto\bin\Debug\TheEntities.Dto.dll" />
      <DeploymentItem filename="C:\Users\Michael\_CODE\ServiceStackNtier\TheServiceStack\bin\TheServiceStack.dll" />
      <DeploymentItem filename="C:\Users\Michael\_CODE\Ienablemuch.ToTheEfnhX\ToTheEfnhX\bin\Release\Ienablemuch.ToTheEfnhX.dll" />
      <DeploymentItem filename="C:\Users\Michael\_CODE\DitTO\Ienablemuch.DitTO.ToTheEfnhX.StubAssigner\bin\Release\Ienablemuch.DitTO.dll" />
    </Deployment>
    <Execution>
      <TestTypeSpecific />
      <AgentRule name="Execution Agents">
      </AgentRule>
    </Execution>
  </TestSettings>
  <Times creation="2012-06-13T11:45:51.2830000+08:00" queuing="2012-06-13T11:45:51.3380000+08:00" start="2012-06-13T11:45:51.3690000+08:00" finish="2012-06-13T11:45:53.0420000+08:00" />
  <ResultSummary outcome="Completed">
    <Counters total="1" executed="1" passed="1" error="0" failed="0" timeout="0" aborted="0" inconclusive="0" passedButRunAborted="0" notRunnable="0" notExecuted="0" disconnected="0" warning="0" completed="0" inProgress="0" pending="0" />
  </ResultSummary>
  <TestDefinitions>
    <UnitTest name="Test_null_on_EF_Repo_via_dto" storage="c:\users\michael\_code\servicestackntier\testtheservicestack\bin\debug\testentityframework.dll" id="3d5ef6a3-efe7-5951-3f62-790487174db7">
      <Execution id="05f6f10a-ced5-4e41-b26c-84cc4b4a91cc" />
      <TestMethod codeBase="C:/Users/Michael/_CODE/ServiceStackNtier/TestTheServiceStack/bin/Debug/TestEntityFramework.DLL" adapterTypeName="Microsoft.VisualStudio.TestTools.TestTypes.Unit.UnitTestAdapter, Microsoft.VisualStudio.QualityTools.Tips.UnitTest.Adapter, Version=10.0.0.0, Culture=neutral, PublicKeyToken=b03f5f7f11d50a3a" className="TestTheServiceStack.Tests, TestEntityFramework, Version=1.0.0.0, Culture=neutral, PublicKeyToken=null" name="Test_null_on_EF_Repo_via_dto" />
    </UnitTest>
  </TestDefinitions>
  <TestLists>
    <TestList name="Results Not in a List" id="8c84fa94-04c1-424b-9868-57a2d4851a1d" />
    <TestList name="All Loaded Results" id="19431567-8539-422a-85d7-44ee4e166bda" />
  </TestLists>
  <TestEntries>
    <TestEntry testId="3d5ef6a3-efe7-5951-3f62-790487174db7" executionId="05f6f10a-ced5-4e41-b26c-84cc4b4a91cc" testListId="8c84fa94-04c1-424b-9868-57a2d4851a1d" />
  </TestEntries>
  <Results>
    <UnitTestResult executionId="05f6f10a-ced5-4e41-b26c-84cc4b4a91cc" testId="3d5ef6a3-efe7-5951-3f62-790487174db7" testName="Test_null_on_EF_Repo_via_dto" computerName="MICHAEL-PC" duration="00:00:01.3916643" startTime="2012-06-13T11:45:51.3830000+08:00" endTime="2012-06-13T11:45:53.0090000+08:00" testType="13cdc9d9-ddb5-4fa4-a97d-d965ccfc6d4b" outcome="Passed" testListId="8c84fa94-04c1-424b-9868-57a2d4851a1d" relativeResultsDirectory="05f6f10a-ced5-4e41-b26c-84cc4b4a91cc">
    </UnitTestResult>
  </Results>
</TestRun>